<?xml version="1.0" encoding="UTF-8"?>
<!-- Generated by org.testng.reporters.JUnitXMLReporter -->
<testsuite ignored="1" hostname="DESKTOP-P3V62PD" failures="1" tests="2" name="Default test" time="0.177" errors="0" timestamp="2024-05-02T16:52:06 IST">
  <testcase classname="com.selenium.testNG.DataDrivenTest" name="getDataFromTestCaseName" time="0.015"/>
  <testcase classname="com.selenium.testNG.DataDrivenTest" name="getDataFromTestCaseName" time="0.084">
    <failure type="org.testng.internal.reflect.MethodMatcherException" message="
[public void com.selenium.testNG.DataDrivenTest.getDataFromTestCaseName(java.lang.String,java.lang.String)] has no parameters defined but was found to be using a data provider (either explicitly specified or inherited from class level annotation).
Data provider mismatch
Method: getDataFromTestCaseName([java.lang.String arg0, java.lang.String arg1])
Arguments: [(java.lang.String) santoshiu,(java.lang.String) kumari,(java.lang.String) ghhoha]">
      <![CDATA[org.testng.internal.reflect.MethodMatcherException: 
[public void com.selenium.testNG.DataDrivenTest.getDataFromTestCaseName(java.lang.String,java.lang.String)] has no parameters defined but was found to be using a data provider (either explicitly specified or inherited from class level annotation).
Data provider mismatch
Method: getDataFromTestCaseName([java.lang.String arg0, java.lang.String arg1])
Arguments: [(java.lang.String) santoshiu,(java.lang.String) kumari,(java.lang.String) ghhoha]
at org.testng.internal.reflect.DataProviderMethodMatcher.getConformingArguments(DataProviderMethodMatcher.java:46)
at org.testng.internal.Parameters.injectParameters(Parameters.java:918)
at org.testng.internal.invokers.MethodRunner.runInSequence(MethodRunner.java:50)
at org.testng.internal.invokers.TestInvoker$MethodInvocationAgent.invoke(TestInvoker.java:961)
at org.testng.internal.invokers.TestInvoker.invokeTestMethods(TestInvoker.java:201)
at org.testng.internal.invokers.TestMethodWorker.invokeTestMethods(TestMethodWorker.java:148)
at org.testng.internal.invokers.TestMethodWorker.run(TestMethodWorker.java:128)
at java.base/java.util.ArrayList.forEach(ArrayList.java:1511)
at org.testng.TestRunner.privateRun(TestRunner.java:819)
at org.testng.TestRunner.run(TestRunner.java:619)
at org.testng.SuiteRunner.runTest(SuiteRunner.java:443)
at org.testng.SuiteRunner.runSequentially(SuiteRunner.java:437)
at org.testng.SuiteRunner.privateRun(SuiteRunner.java:397)
at org.testng.SuiteRunner.run(SuiteRunner.java:336)
at org.testng.SuiteRunnerWorker.runSuite(SuiteRunnerWorker.java:52)
at org.testng.SuiteRunnerWorker.run(SuiteRunnerWorker.java:95)
at org.testng.TestNG.runSuitesSequentially(TestNG.java:1301)
at org.testng.TestNG.runSuitesLocally(TestNG.java:1228)
at org.testng.TestNG.runSuites(TestNG.java:1134)
at org.testng.TestNG.run(TestNG.java:1101)
at org.testng.remote.AbstractRemoteTestNG.run(AbstractRemoteTestNG.java:115)
at org.testng.remote.RemoteTestNG.initAndRun(RemoteTestNG.java:251)
at org.testng.remote.RemoteTestNG.main(RemoteTestNG.java:77)
]]>
    </failure>
  </testcase> <!-- getDataFromTestCaseName -->
  <testcase classname="com.selenium.testNG.DataDrivenTest" name="getData" time="0.0">
    <ignored/>
  </testcase> <!-- getData -->
</testsuite> <!-- Default test -->
