<html>
<head>
<title>TestNG:  Test</title>
<link href="../testng.css" rel="stylesheet" type="text/css" />
<link href="../my-testng.css" rel="stylesheet" type="text/css" />

<style type="text/css">
.log { display: none;} 
.stack-trace { display: none;} 
</style>
<script type="text/javascript">
<!--
function flip(e) {
  current = e.style.display;
  if (current == 'block') {
    e.style.display = 'none';
    return 0;
  }
  else {
    e.style.display = 'block';
    return 1;
  }
}

function toggleBox(szDivId, elem, msg1, msg2)
{
  var res = -1;  if (document.getElementById) {
    res = flip(document.getElementById(szDivId));
  }
  else if (document.all) {
    // this is the way old msie versions work
    res = flip(document.all[szDivId]);
  }
  if(elem) {
    if(res == 0) elem.innerHTML = msg1; else elem.innerHTML = msg2;
  }

}

function toggleAllBoxes() {
  if (document.getElementsByTagName) {
    d = document.getElementsByTagName('div');
    for (i = 0; i < d.length; i++) {
      if (d[i].className == 'log') {
        flip(d[i]);
      }
    }
  }
}

// -->
</script>

</head>
<body>
<h2 align='center'>Test</h2><table border='1' align="center">
<tr>
<td>Tests passed/Failed/Skipped:</td><td>22/1/0</td>
</tr><tr>
<td>Started on:</td><td>Mon Apr 08 13:11:28 IST 2024</td>
</tr>
<tr><td>Total time:</td><td>16 seconds (16923 ms)</td>
</tr><tr>
<td>Included groups:</td><td></td>
</tr><tr>
<td>Excluded groups:</td><td></td>
</tr>
</table><p/>
<small><i>(Hover the method name to see the test class name)</i></small><p/>
<table width='100%' border='1' class='invocation-failed'>
<tr><td colspan='4' align='center'><b>FAILED TESTS</b></td></tr>
<tr><td><b>Test method</b></td>
<td><b>Attribute(s)</b></td>
<td width="30%"><b>Exception</b></td>
<td width="10%"><b>Time (seconds)</b></td>
<td><b>Instance</b></td>
</tr>
<tr>
<td title='com.selenium.testNG.ParameterPassInTestNG.logIN()'><b>logIN</b><br>Test class: com.selenium.testNG.ParameterPassInTestNG</td>
<td><div><pre>org.testng.TestNGException: 
Parameter &apos;fname&apos; is required by @Test on method logIN but has not been marked @Optional or defined
in F:\eclipse\selenium\Selenium_Testing\allTestNgClass.xml
	at java.base/java.util.ArrayList.forEach(ArrayList.java:1511)
... Removed 26 stack frames</pre></div><a href='#' onClick='toggleBox("stack-trace1412656257", this, "Click to show all stack frames", "Click to hide stack frames")'>Click to show all stack frames</a>
<div class='stack-trace' id='stack-trace1412656257'><pre>org.testng.TestNGException: 
Parameter &apos;fname&apos; is required by @Test on method logIN but has not been marked @Optional or defined
in F:\eclipse\selenium\Selenium_Testing\allTestNgClass.xml
	at org.testng.internal.Parameters.createParams(Parameters.java:267)
	at org.testng.internal.Parameters.createParametersForMethod(Parameters.java:355)
	at org.testng.internal.Parameters.createParameters(Parameters.java:693)
	at org.testng.internal.Parameters.handleParameters(Parameters.java:888)
	at org.testng.internal.Parameters.handleParameters(Parameters.java:737)
	at org.testng.internal.invokers.ParameterHandler.handleParameters(ParameterHandler.java:72)
	at org.testng.internal.invokers.ParameterHandler.createParameters(ParameterHandler.java:51)
	at org.testng.internal.invokers.TestInvoker$MethodInvocationAgent.invoke(TestInvoker.java:915)
	at org.testng.internal.invokers.TestInvoker.invokeTestMethods(TestInvoker.java:201)
	at org.testng.internal.invokers.TestMethodWorker.invokeTestMethods(TestMethodWorker.java:148)
	at org.testng.internal.invokers.TestMethodWorker.run(TestMethodWorker.java:128)
	at java.base/java.util.ArrayList.forEach(ArrayList.java:1511)
	at org.testng.TestRunner.privateRun(TestRunner.java:819)
	at org.testng.TestRunner.run(TestRunner.java:619)
	at org.testng.SuiteRunner.runTest(SuiteRunner.java:443)
	at org.testng.SuiteRunner.runSequentially(SuiteRunner.java:437)
	at org.testng.SuiteRunner.privateRun(SuiteRunner.java:397)
	at org.testng.SuiteRunner.run(SuiteRunner.java:336)
	at org.testng.SuiteRunnerWorker.runSuite(SuiteRunnerWorker.java:52)
	at org.testng.SuiteRunnerWorker.run(SuiteRunnerWorker.java:95)
	at org.testng.TestNG.runSuitesSequentially(TestNG.java:1301)
	at org.testng.TestNG.runSuitesLocally(TestNG.java:1228)
	at org.testng.TestNG.runSuites(TestNG.java:1134)
	at org.testng.TestNG.run(TestNG.java:1101)
	at org.testng.remote.AbstractRemoteTestNG.run(AbstractRemoteTestNG.java:115)
	at org.testng.remote.RemoteTestNG.initAndRun(RemoteTestNG.java:251)
	at org.testng.remote.RemoteTestNG.main(RemoteTestNG.java:77)
</pre></div></td>
<td>0</td>
<td>com.selenium.testNG.ParameterPassInTestNG@35dab4eb</td></tr>
</table><p>
<table width='100%' border='1' class='invocation-passed'>
<tr><td colspan='4' align='center'><b>PASSED TESTS</b></td></tr>
<tr><td><b>Test method</b></td>
<td><b>Attribute(s)</b></td>
<td width="30%"><b>Exception</b></td>
<td width="10%"><b>Time (seconds)</b></td>
<td><b>Instance</b></td>
</tr>
<tr>
<td title='com.selenium.testNG.PriorityTest.test6()'><b>test6</b><br>Test class: com.selenium.testNG.PriorityTest</td>
<td></td>
<td>0</td>
<td>com.selenium.testNG.PriorityTest@2d901eb0</td></tr>
<tr>
<td title='com.selenium.testNG.PriorityTest.test()'><b>test</b><br>Test class: com.selenium.testNG.PriorityTest</td>
<td></td>
<td>0</td>
<td>com.selenium.testNG.PriorityTest@2d901eb0</td></tr>
<tr>
<td title='com.selenium.testNG.TestNgOrderExecution.m()'><b>m</b><br>Test class: com.selenium.testNG.TestNgOrderExecution</td>
<td></td>
<td>0</td>
<td>com.selenium.testNG.TestNgOrderExecution@54c5a2ff</td></tr>
<tr>
<td title='com.selenium.testNG.TestNgOrderExecution.c()'><b>c</b><br>Test class: com.selenium.testNG.TestNgOrderExecution</td>
<td></td>
<td>0</td>
<td>com.selenium.testNG.TestNgOrderExecution@54c5a2ff</td></tr>
<tr>
<td title='com.selenium.testNG.TestNgOrderExecution.v()'><b>v</b><br>Test class: com.selenium.testNG.TestNgOrderExecution</td>
<td></td>
<td>0</td>
<td>com.selenium.testNG.TestNgOrderExecution@54c5a2ff</td></tr>
<tr>
<td title='com.selenium.testNG.PriorityTest.test2()'><b>test2</b><br>Test class: com.selenium.testNG.PriorityTest</td>
<td></td>
<td>0</td>
<td>com.selenium.testNG.PriorityTest@2d901eb0</td></tr>
<tr>
<td title='com.selenium.testNG.MethodDisableInTestNG.test2()'><b>test2</b><br>Test class: com.selenium.testNG.MethodDisableInTestNG</td>
<td></td>
<td>0</td>
<td>com.selenium.testNG.MethodDisableInTestNG@8519cb4</td></tr>
<tr>
<td title='com.selenium.testNG.PriorityTest.test3()'><b>test3</b><br>Test class: com.selenium.testNG.PriorityTest</td>
<td></td>
<td>0</td>
<td>com.selenium.testNG.PriorityTest@2d901eb0</td></tr>
<tr>
<td title='com.selenium.testNG.GroupInTestNG.functional()'><b>functional</b><br>Test class: com.selenium.testNG.GroupInTestNG</td>
<td></td>
<td>0</td>
<td>com.selenium.testNG.GroupInTestNG@d737b89</td></tr>
<tr>
<td title='com.selenium.testNG.PriorityTest.test5()'><b>test5</b><br>Test class: com.selenium.testNG.PriorityTest</td>
<td></td>
<td>0</td>
<td>com.selenium.testNG.PriorityTest@2d901eb0</td></tr>
<tr>
<td title='com.selenium.testNG.GroupInTestNG.regration()'><b>regration</b><br>Test class: com.selenium.testNG.GroupInTestNG</td>
<td></td>
<td>0</td>
<td>com.selenium.testNG.GroupInTestNG@d737b89</td></tr>
<tr>
<td title='com.selenium.testNG.MethodDisableInTestNG.test4()'><b>test4</b><br>Test class: com.selenium.testNG.MethodDisableInTestNG</td>
<td></td>
<td>0</td>
<td>com.selenium.testNG.MethodDisableInTestNG@8519cb4</td></tr>
<tr>
<td title='com.selenium.testNG.ParameterPassInTestNG.signup()'><b>signup</b><br>Test class: com.selenium.testNG.ParameterPassInTestNG<br>Parameters: diwakar, Diw@1234</td>
<td></td>
<td>0</td>
<td>com.selenium.testNG.ParameterPassInTestNG@35dab4eb</td></tr>
<tr>
<td title='com.selenium.testNG.MethodDisableInTestNG.test1()'><b>test1</b><br>Test class: com.selenium.testNG.MethodDisableInTestNG</td>
<td></td>
<td>0</td>
<td>com.selenium.testNG.MethodDisableInTestNG@8519cb4</td></tr>
<tr>
<td title='com.selenium.testNG.PriorityTest.test4()'><b>test4</b><br>Test class: com.selenium.testNG.PriorityTest</td>
<td></td>
<td>0</td>
<td>com.selenium.testNG.PriorityTest@2d901eb0</td></tr>
<tr>
<td title='com.selenium.testNG.GroupInTestNG.sanity()'><b>sanity</b><br>Test class: com.selenium.testNG.GroupInTestNG</td>
<td></td>
<td>0</td>
<td>com.selenium.testNG.GroupInTestNG@d737b89</td></tr>
<tr>
<td title='com.selenium.testNG.TestNgOrderExecution.z()'><b>z</b><br>Test class: com.selenium.testNG.TestNgOrderExecution</td>
<td></td>
<td>0</td>
<td>com.selenium.testNG.TestNgOrderExecution@54c5a2ff</td></tr>
<tr>
<td title='com.selenium.testNG.PriorityTest.test1()'><b>test1</b><br>Test class: com.selenium.testNG.PriorityTest</td>
<td></td>
<td>0</td>
<td>com.selenium.testNG.PriorityTest@2d901eb0</td></tr>
<tr>
<td title='com.selenium.testNG.GroupInTestNG.smoke()'><b>smoke</b><br>Test class: com.selenium.testNG.GroupInTestNG</td>
<td></td>
<td>0</td>
<td>com.selenium.testNG.GroupInTestNG@d737b89</td></tr>
<tr>
<td title='com.selenium.testNG.GroupInTestNG.testingfunction()'><b>testingfunction</b><br>Test class: com.selenium.testNG.GroupInTestNG</td>
<td></td>
<td>0</td>
<td>com.selenium.testNG.GroupInTestNG@d737b89</td></tr>
<tr>
<td title='com.selenium.testNG.AssignmentTestNG1.getSignupData()'><b>getSignupData</b><br>Test class: com.selenium.testNG.AssignmentTestNG1</td>
<td></td>
<td>1</td>
<td>com.selenium.testNG.AssignmentTestNG1@28261e8e</td></tr>
<tr>
<td title='com.selenium.testNG.GroupInTestNG.fuctionalTestCase()'><b>fuctionalTestCase</b><br>Test class: com.selenium.testNG.GroupInTestNG</td>
<td></td>
<td>0</td>
<td>com.selenium.testNG.GroupInTestNG@d737b89</td></tr>
</table><p>
</body>
</html>