<?xml version="1.0" encoding="UTF-8"?>
<!-- Generated by org.testng.reporters.JUnitXMLReporter -->
<testsuite ignored="2" hostname="DESKTOP-P3V62PD" failures="1" tests="23" name="Test" time="16.923" errors="0" timestamp="2024-04-08T13:11:45 IST">
  <testcase classname="com.selenium.testNG.TestNgOrderExecution" name="c" time="0.009"/>
  <testcase classname="com.selenium.testNG.TestNgOrderExecution" name="m" time="0.003"/>
  <testcase classname="com.selenium.testNG.TestNgOrderExecution" name="v" time="0.004"/>
  <testcase classname="com.selenium.testNG.TestNgOrderExecution" name="z" time="0.007"/>
  <testcase classname="com.selenium.testNG.AssignmentTestNG1" name="getSignupData" time="1.704"/>
  <testcase classname="com.selenium.testNG.GroupInTestNG" name="fuctionalTestCase" time="0.002"/>
  <testcase classname="com.selenium.testNG.GroupInTestNG" name="functional" time="0.004"/>
  <testcase classname="com.selenium.testNG.GroupInTestNG" name="regration" time="0.003"/>
  <testcase classname="com.selenium.testNG.GroupInTestNG" name="sanity" time="0.003"/>
  <testcase classname="com.selenium.testNG.GroupInTestNG" name="smoke" time="0.006"/>
  <testcase classname="com.selenium.testNG.GroupInTestNG" name="testingfunction" time="0.002"/>
  <testcase classname="com.selenium.testNG.MethodDisableInTestNG" name="test1" time="0.006"/>
  <testcase classname="com.selenium.testNG.MethodDisableInTestNG" name="test2" time="0.001"/>
  <testcase classname="com.selenium.testNG.MethodDisableInTestNG" name="test4" time="0.003"/>
  <testcase classname="com.selenium.testNG.ParameterPassInTestNG" name="logIN" time="0.0">
    <failure type="org.testng.TestNGException" message="
Parameter &amp;apos;fname&amp;apos; is required by @Test on method logIN but has not been marked @Optional or defined
in F:\eclipse\selenium\Selenium_Testing\allTestNgClass.xml">
      <![CDATA[org.testng.TestNGException: 
Parameter 'fname' is required by @Test on method logIN but has not been marked @Optional or defined
in F:\eclipse\selenium\Selenium_Testing\allTestNgClass.xml
at java.base/java.util.ArrayList.forEach(ArrayList.java:1511)
... Removed 26 stack frames]]>
    </failure>
  </testcase> <!-- logIN -->
  <testcase classname="com.selenium.testNG.ParameterPassInTestNG" name="signup" time="0.002"/>
  <testcase classname="com.selenium.testNG.PriorityTest" name="test1" time="0.003"/>
  <testcase classname="com.selenium.testNG.PriorityTest" name="test4" time="0.002"/>
  <testcase classname="com.selenium.testNG.PriorityTest" name="test3" time="0.002"/>
  <testcase classname="com.selenium.testNG.PriorityTest" name="test6" time="0.002"/>
  <testcase classname="com.selenium.testNG.PriorityTest" name="test5" time="0.003"/>
  <testcase classname="com.selenium.testNG.PriorityTest" name="test2" time="0.002"/>
  <testcase classname="com.selenium.testNG.PriorityTest" name="test" time="0.002"/>
  <testcase classname="com.selenium.testNG.TestNgOrderExecution" name="d" time="0.0">
    <ignored/>
  </testcase> <!-- d -->
  <testcase classname="com.selenium.testNG.MethodDisableInTestNG" name="test3" time="0.0">
    <ignored/>
  </testcase> <!-- test3 -->
</testsuite> <!-- Test -->
